# JRE version: OpenJDK Runtime Environment (11.0.6+10) (build 11.0.6+10)
# Java VM: OpenJDK 64-Bit Server VM (11.0.6+10, mixed mode, tiered, compressed oops, g1 gc, linux-amd64)
Heap:
 garbage-first heap   total 124928K, used 9016K [0x0000000086600000, 0x0000000100000000)
  region size 1024K, 6 young (6144K), 2 survivors (2048K)
 Metaspace       used 20903K, capacity 21296K, committed 21760K, reserved 1069056K
  class space    used 1800K, capacity 1932K, committed 2048K, reserved 1048576K
GC Heap History (10 events):
Event: 0,606 GC heap before
{Heap before GC invocations=0 (full 0):
 garbage-first heap   total 124928K, used 13312K [0x0000000086600000, 0x0000000100000000)
  region size 1024K, 14 young (14336K), 0 survivors (0K)
 Metaspace       used 14213K, capacity 14526K, committed 14720K, reserved 1062912K
  class space    used 1269K, capacity 1390K, committed 1408K, reserved 1048576K
}
Event: 0,611 GC heap after
{Heap after GC invocations=1 (full 0):
 garbage-first heap   total 124928K, used 3967K [0x0000000086600000, 0x0000000100000000)
  region size 1024K, 2 young (2048K), 2 survivors (2048K)
 Metaspace       used 14213K, capacity 14526K, committed 14720K, reserved 1062912K
  class space    used 1269K, capacity 1390K, committed 1408K, reserved 1048576K
}
Event: 0,740 GC heap before
{Heap before GC invocations=1 (full 0):
 garbage-first heap   total 124928K, used 9087K [0x0000000086600000, 0x0000000100000000)
  region size 1024K, 7 young (7168K), 2 survivors (2048K)
 Metaspace       used 16058K, capacity 16442K, committed 16768K, reserved 1064960K
  class space    used 1411K, capacity 1560K, committed 1664K, reserved 1048576K
}
Event: 0,746 GC heap after
{Heap after GC invocations=2 (full 0):
 garbage-first heap   total 124928K, used 4628K [0x0000000086600000, 0x0000000100000000)
  region size 1024K, 1 young (1024K), 1 survivors (1024K)
 Metaspace       used 16058K, capacity 16442K, committed 16768K, reserved 1064960K
  class space    used 1411K, capacity 1560K, committed 1664K, reserved 1048576K
}
Event: 1,250 GC heap before
{Heap before GC invocations=2 (full 0):
 garbage-first heap   total 124928K, used 42516K [0x0000000086600000, 0x0000000100000000)
  region size 1024K, 23 young (23552K), 1 survivors (1024K)
 Metaspace       used 19382K, capacity 19775K, committed 20096K, reserved 1067008K
  class space    used 1728K, capacity 1858K, committed 1920K, reserved 1048576K
}
Event: 1,252 GC heap after
{Heap after GC invocations=3 (full 0):
 garbage-first heap   total 124928K, used 5309K [0x0000000086600000, 0x0000000100000000)
  region size 1024K, 2 young (2048K), 2 survivors (2048K)
 Metaspace       used 19382K, capacity 19775K, committed 20096K, reserved 1067008K
  class space    used 1728K, capacity 1858K, committed 1920K, reserved 1048576K
}
Event: 1,755 GC heap before
{Heap before GC invocations=3 (full 0):
 garbage-first heap   total 124928K, used 87229K [0x0000000086600000, 0x0000000100000000)
  region size 1024K, 40 young (40960K), 2 survivors (2048K)
 Metaspace       used 19755K, capacity 20169K, committed 20608K, reserved 1069056K
  class space    used 1753K, capacity 1899K, committed 1920K, reserved 1048576K
}
Event: 1,757 GC heap after
{Heap after GC invocations=4 (full 0):
 garbage-first heap   total 124928K, used 15831K [0x0000000086600000, 0x0000000100000000)
  region size 1024K, 2 young (2048K), 2 survivors (2048K)
 Metaspace       used 19755K, capacity 20169K, committed 20608K, reserved 1069056K
  class space    used 1753K, capacity 1899K, committed 1920K, reserved 1048576K
}
Event: 3,300 GC heap before
{Heap before GC invocations=4 (full 0):
 garbage-first heap   total 124928K, used 33239K [0x0000000086600000, 0x0000000100000000)
  region size 1024K, 20 young (20480K), 2 survivors (2048K)
 Metaspace       used 20508K, capacity 20848K, committed 21248K, reserved 1069056K
  class space    used 1792K, capacity 1932K, committed 2048K, reserved 1048576K
}
Event: 3,303 GC heap after
{Heap after GC invocations=5 (full 0):
 garbage-first heap   total 124928K, used 5944K [0x0000000086600000, 0x0000000100000000)
  region size 1024K, 2 young (2048K), 2 survivors (2048K)
 Metaspace       used 20508K, capacity 20848K, committed 21248K, reserved 1069056K
  class space    used 1792K, capacity 1932K, committed 2048K, reserved 1048576K
}

