# JRE version: OpenJDK Runtime Environment (11.0.6+10) (build 11.0.6+10)
# Java VM: OpenJDK 64-Bit Server VM (11.0.6+10, mixed mode, tiered, compressed oops, g1 gc, linux-amd64)
Heap:
 garbage-first heap   total 124928K, used 19582K [0x0000000086600000, 0x0000000100000000)
  region size 1024K, 10 young (10240K), 9 survivors (9216K)
 Metaspace       used 21183K, capacity 21558K, committed 22016K, reserved 1069056K
  class space    used 1801K, capacity 1932K, committed 2048K, reserved 1048576K
GC Heap History (10 events):
Event: 0,635 GC heap before
{Heap before GC invocations=0 (full 0):
 garbage-first heap   total 124928K, used 13312K [0x0000000086600000, 0x0000000100000000)
  region size 1024K, 14 young (14336K), 0 survivors (0K)
 Metaspace       used 14195K, capacity 14530K, committed 14976K, reserved 1062912K
  class space    used 1269K, capacity 1390K, committed 1408K, reserved 1048576K
}
Event: 0,639 GC heap after
{Heap after GC invocations=1 (full 0):
 garbage-first heap   total 124928K, used 3922K [0x0000000086600000, 0x0000000100000000)
  region size 1024K, 2 young (2048K), 2 survivors (2048K)
 Metaspace       used 14195K, capacity 14530K, committed 14976K, reserved 1062912K
  class space    used 1269K, capacity 1390K, committed 1408K, reserved 1048576K
}
Event: 0,946 GC heap before
{Heap before GC invocations=1 (full 0):
 garbage-first heap   total 124928K, used 13138K [0x0000000086600000, 0x0000000100000000)
  region size 1024K, 11 young (11264K), 2 survivors (2048K)
 Metaspace       used 17434K, capacity 17777K, committed 18048K, reserved 1064960K
  class space    used 1543K, capacity 1662K, committed 1664K, reserved 1048576K
}
Event: 0,951 GC heap after
{Heap after GC invocations=2 (full 0):
 garbage-first heap   total 124928K, used 4946K [0x0000000086600000, 0x0000000100000000)
  region size 1024K, 1 young (1024K), 1 survivors (1024K)
 Metaspace       used 17434K, capacity 17777K, committed 18048K, reserved 1064960K
  class space    used 1543K, capacity 1662K, committed 1664K, reserved 1048576K
}
Event: 1,574 GC heap before
{Heap before GC invocations=2 (full 0):
 garbage-first heap   total 124928K, used 56146K [0x0000000086600000, 0x0000000100000000)
  region size 1024K, 25 young (25600K), 1 survivors (1024K)
 Metaspace       used 19583K, capacity 20000K, committed 20352K, reserved 1067008K
  class space    used 1742K, capacity 1889K, committed 1920K, reserved 1048576K
}
Event: 1,580 GC heap after
{Heap after GC invocations=3 (full 0):
 garbage-first heap   total 124928K, used 15632K [0x0000000086600000, 0x0000000100000000)
  region size 1024K, 2 young (2048K), 2 survivors (2048K)
 Metaspace       used 19583K, capacity 20000K, committed 20352K, reserved 1067008K
  class space    used 1742K, capacity 1889K, committed 1920K, reserved 1048576K
}
Event: 2,562 GC heap before
{Heap before GC invocations=3 (full 0):
 garbage-first heap   total 124928K, used 96528K [0x0000000086600000, 0x0000000100000000)
  region size 1024K, 52 young (53248K), 2 survivors (2048K)
 Metaspace       used 20420K, capacity 20788K, committed 21248K, reserved 1069056K
  class space    used 1792K, capacity 1932K, committed 2048K, reserved 1048576K
}
Event: 2,565 GC heap after
{Heap after GC invocations=4 (full 0):
 garbage-first heap   total 124928K, used 5839K [0x0000000086600000, 0x0000000100000000)
  region size 1024K, 2 young (2048K), 2 survivors (2048K)
 Metaspace       used 20420K, capacity 20788K, committed 21248K, reserved 1069056K
  class space    used 1792K, capacity 1932K, committed 2048K, reserved 1048576K
}
Event: 127,461 GC heap before
{Heap before GC invocations=5 (full 0):
 garbage-first heap   total 124928K, used 75471K [0x0000000086600000, 0x0000000100000000)
  region size 1024K, 70 young (71680K), 2 survivors (2048K)
 Metaspace       used 21177K, capacity 21558K, committed 22016K, reserved 1069056K
  class space    used 1801K, capacity 1932K, committed 2048K, reserved 1048576K
}
Event: 127,478 GC heap after
{Heap after GC invocations=6 (full 0):
 garbage-first heap   total 124928K, used 19582K [0x0000000086600000, 0x0000000100000000)
  region size 1024K, 9 young (9216K), 9 survivors (9216K)
 Metaspace       used 21177K, capacity 21558K, committed 22016K, reserved 1069056K
  class space    used 1801K, capacity 1932K, committed 2048K, reserved 1048576K
}

